E:\MYCLOUD\我的坚果云\LEETCODE\LEETCODE\198_HOUSEROBBER\DEBUG\MAIN.OBJ
E:\MYCLOUD\我的坚果云\LEETCODE\LEETCODE\198_HOUSEROBBER\DEBUG\VC110.PDB
E:\MYCLOUD\我的坚果云\LEETCODE\LEETCODE\DEBUG\198_HOUSEROBBER.ILK
E:\MYCLOUD\我的坚果云\LEETCODE\LEETCODE\DEBUG\198_HOUSEROBBER.EXE
E:\MYCLOUD\我的坚果云\LEETCODE\LEETCODE\DEBUG\198_HOUSEROBBER.PDB
E:\MyCloud\我的坚果云\LeetCode\LeetCode\198_HouseRobber\Debug\main.obj
E:\MyCloud\我的坚果云\LeetCode\LeetCode\198_HouseRobber\Debug\cl.command.1.tlog
E:\MyCloud\我的坚果云\LeetCode\LeetCode\198_HouseRobber\Debug\CL.read.1.tlog
E:\MyCloud\我的坚果云\LeetCode\LeetCode\198_HouseRobber\Debug\CL.write.1.tlog
E:\MyCloud\我的坚果云\LeetCode\LeetCode\198_HouseRobber\Debug\link-cvtres.read.1.tlog
E:\MyCloud\我的坚果云\LeetCode\LeetCode\198_HouseRobber\Debug\link-cvtres.write.1.tlog
E:\MyCloud\我的坚果云\LeetCode\LeetCode\198_HouseRobber\Debug\link-rc.read.1.tlog
E:\MyCloud\我的坚果云\LeetCode\LeetCode\198_HouseRobber\Debug\link-rc.write.1.tlog
E:\MyCloud\我的坚果云\LeetCode\LeetCode\198_HouseRobber\Debug\link.command.1.tlog
E:\MyCloud\我的坚果云\LeetCode\LeetCode\198_HouseRobber\Debug\link.read.1.tlog
E:\MyCloud\我的坚果云\LeetCode\LeetCode\198_HouseRobber\Debug\link.write.1.tlog
E:\MyCloud\我的坚果云\LeetCode\LeetCode\198_HouseRobber\Debug\vc110.idb
E:\MyCloud\我的坚果云\LeetCode\LeetCode\198_HouseRobber\Debug\vc110.pdb
E:\MyCloud\我的坚果云\LeetCode\LeetCode\Debug\198_HouseRobber.pdb
E:\MyCloud\我的坚果云\LeetCode\LeetCode\Debug\198_HouseRobber.exe
E:\MyCloud\我的坚果云\LeetCode\LeetCode\Debug\198_HouseRobber.ilk
