E:\MYCLOUD\我的坚果云\LEETCODE\LEETCODE\COMPARE_VERSION_NUMBERS\DEBUG\COMPAREVERSIONNUMBERS.OBJ
E:\MYCLOUD\我的坚果云\LEETCODE\LEETCODE\COMPARE_VERSION_NUMBERS\DEBUG\VC110.PDB
E:\MYCLOUD\我的坚果云\LEETCODE\LEETCODE\DEBUG\165_COMPAREVERSIONNUMBERS.ILK
E:\MYCLOUD\我的坚果云\LEETCODE\LEETCODE\DEBUG\165_COMPAREVERSIONNUMBERS.EXE
E:\MYCLOUD\我的坚果云\LEETCODE\LEETCODE\DEBUG\165_COMPAREVERSIONNUMBERS.PDB
E:\MyCloud\我的坚果云\LeetCode\LeetCode\Compare_Version_Numbers\Debug\CompareVersionNumbers.obj
E:\MyCloud\我的坚果云\LeetCode\LeetCode\Compare_Version_Numbers\Debug\cl.command.1.tlog
E:\MyCloud\我的坚果云\LeetCode\LeetCode\Compare_Version_Numbers\Debug\CL.read.1.tlog
E:\MyCloud\我的坚果云\LeetCode\LeetCode\Compare_Version_Numbers\Debug\CL.write.1.tlog
E:\MyCloud\我的坚果云\LeetCode\LeetCode\Compare_Version_Numbers\Debug\link-cvtres.read.1.tlog
E:\MyCloud\我的坚果云\LeetCode\LeetCode\Compare_Version_Numbers\Debug\link-cvtres.write.1.tlog
E:\MyCloud\我的坚果云\LeetCode\LeetCode\Compare_Version_Numbers\Debug\link-rc.read.1.tlog
E:\MyCloud\我的坚果云\LeetCode\LeetCode\Compare_Version_Numbers\Debug\link-rc.write.1.tlog
E:\MyCloud\我的坚果云\LeetCode\LeetCode\Compare_Version_Numbers\Debug\link.command.1.tlog
E:\MyCloud\我的坚果云\LeetCode\LeetCode\Compare_Version_Numbers\Debug\link.read.1.tlog
E:\MyCloud\我的坚果云\LeetCode\LeetCode\Compare_Version_Numbers\Debug\link.write.1.tlog
E:\MyCloud\我的坚果云\LeetCode\LeetCode\Compare_Version_Numbers\Debug\vc110.idb
E:\MyCloud\我的坚果云\LeetCode\LeetCode\Compare_Version_Numbers\Debug\vc110.pdb
E:\MyCloud\我的坚果云\LeetCode\LeetCode\Debug\165_CompareVersionNumbers.pdb
E:\MyCloud\我的坚果云\LeetCode\LeetCode\Debug\165_CompareVersionNumbers.exe
E:\MyCloud\我的坚果云\LeetCode\LeetCode\Debug\165_CompareVersionNumbers.ilk
