E:\MYCLOUD\我的坚果云\LEETCODE\LEETCODE\119_PASCAL'STRIANGLEII\DEBUG\119_PASCAL'STRIANGLEII.OBJ
E:\MYCLOUD\我的坚果云\LEETCODE\LEETCODE\119_PASCAL'STRIANGLEII\DEBUG\VC110.PDB
E:\MYCLOUD\我的坚果云\LEETCODE\LEETCODE\DEBUG\119_PASCAL'STRIANGLEII.ILK
E:\MYCLOUD\我的坚果云\LEETCODE\LEETCODE\DEBUG\119_PASCAL'STRIANGLEII.EXE
E:\MYCLOUD\我的坚果云\LEETCODE\LEETCODE\DEBUG\119_PASCAL'STRIANGLEII.PDB
E:\MyCloud\我的坚果云\LeetCode\LeetCode\119_Pascal'sTriangleII\Debug\119_Pascal'sTriangleII.obj
E:\MyCloud\我的坚果云\LeetCode\LeetCode\119_Pascal'sTriangleII\Debug\cl.command.1.tlog
E:\MyCloud\我的坚果云\LeetCode\LeetCode\119_Pascal'sTriangleII\Debug\CL.read.1.tlog
E:\MyCloud\我的坚果云\LeetCode\LeetCode\119_Pascal'sTriangleII\Debug\CL.write.1.tlog
E:\MyCloud\我的坚果云\LeetCode\LeetCode\119_Pascal'sTriangleII\Debug\link-cvtres.read.1.tlog
E:\MyCloud\我的坚果云\LeetCode\LeetCode\119_Pascal'sTriangleII\Debug\link-cvtres.write.1.tlog
E:\MyCloud\我的坚果云\LeetCode\LeetCode\119_Pascal'sTriangleII\Debug\link-rc.read.1.tlog
E:\MyCloud\我的坚果云\LeetCode\LeetCode\119_Pascal'sTriangleII\Debug\link-rc.write.1.tlog
E:\MyCloud\我的坚果云\LeetCode\LeetCode\119_Pascal'sTriangleII\Debug\link.command.1.tlog
E:\MyCloud\我的坚果云\LeetCode\LeetCode\119_Pascal'sTriangleII\Debug\link.read.1.tlog
E:\MyCloud\我的坚果云\LeetCode\LeetCode\119_Pascal'sTriangleII\Debug\link.write.1.tlog
E:\MyCloud\我的坚果云\LeetCode\LeetCode\119_Pascal'sTriangleII\Debug\vc110.idb
E:\MyCloud\我的坚果云\LeetCode\LeetCode\119_Pascal'sTriangleII\Debug\vc110.pdb
E:\MyCloud\我的坚果云\LeetCode\LeetCode\Debug\119_Pascal'sTriangleII.pdb
E:\MyCloud\我的坚果云\LeetCode\LeetCode\Debug\119_Pascal'sTriangleII.exe
E:\MyCloud\我的坚果云\LeetCode\LeetCode\Debug\119_Pascal'sTriangleII.ilk
