E:\MYCLOUD\我的坚果云\LEETCODE\LEETCODE\112_PATHSUM\DEBUG\112_PATHSUM.OBJ
E:\MYCLOUD\我的坚果云\LEETCODE\LEETCODE\112_PATHSUM\DEBUG\VC110.PDB
E:\MYCLOUD\我的坚果云\LEETCODE\LEETCODE\DEBUG\112_PATHSUM.ILK
E:\MYCLOUD\我的坚果云\LEETCODE\LEETCODE\DEBUG\112_PATHSUM.EXE
E:\MYCLOUD\我的坚果云\LEETCODE\LEETCODE\DEBUG\112_PATHSUM.PDB
E:\MyCloud\我的坚果云\LeetCode\LeetCode\112_PathSum\Debug\112_PathSum.obj
E:\MyCloud\我的坚果云\LeetCode\LeetCode\112_PathSum\Debug\cl.command.1.tlog
E:\MyCloud\我的坚果云\LeetCode\LeetCode\112_PathSum\Debug\CL.read.1.tlog
E:\MyCloud\我的坚果云\LeetCode\LeetCode\112_PathSum\Debug\CL.write.1.tlog
E:\MyCloud\我的坚果云\LeetCode\LeetCode\112_PathSum\Debug\link-cvtres.read.1.tlog
E:\MyCloud\我的坚果云\LeetCode\LeetCode\112_PathSum\Debug\link-cvtres.write.1.tlog
E:\MyCloud\我的坚果云\LeetCode\LeetCode\112_PathSum\Debug\link-rc.read.1.tlog
E:\MyCloud\我的坚果云\LeetCode\LeetCode\112_PathSum\Debug\link-rc.write.1.tlog
E:\MyCloud\我的坚果云\LeetCode\LeetCode\112_PathSum\Debug\link.command.1.tlog
E:\MyCloud\我的坚果云\LeetCode\LeetCode\112_PathSum\Debug\link.read.1.tlog
E:\MyCloud\我的坚果云\LeetCode\LeetCode\112_PathSum\Debug\link.write.1.tlog
E:\MyCloud\我的坚果云\LeetCode\LeetCode\112_PathSum\Debug\vc110.idb
E:\MyCloud\我的坚果云\LeetCode\LeetCode\112_PathSum\Debug\vc110.pdb
E:\MyCloud\我的坚果云\LeetCode\LeetCode\Debug\112_PathSum.pdb
E:\MyCloud\我的坚果云\LeetCode\LeetCode\Debug\112_PathSum.exe
E:\MyCloud\我的坚果云\LeetCode\LeetCode\Debug\112_PathSum.ilk
