E:\MYCLOUD\我的坚果云\LEETCODE\LEETCODE\189_ROTATE_ARRAY\DEBUG\189_ROTATE_ARRAY.OBJ
E:\MYCLOUD\我的坚果云\LEETCODE\LEETCODE\189_ROTATE_ARRAY\DEBUG\VC110.PDB
E:\MYCLOUD\我的坚果云\LEETCODE\LEETCODE\DEBUG\189_ROTATE_ARRAY.ILK
E:\MYCLOUD\我的坚果云\LEETCODE\LEETCODE\DEBUG\189_ROTATE_ARRAY.EXE
E:\MYCLOUD\我的坚果云\LEETCODE\LEETCODE\DEBUG\189_ROTATE_ARRAY.PDB
E:\MyCloud\我的坚果云\LeetCode\LeetCode\189_Rotate_Array\Debug\189_Rotate_Array.obj
E:\MyCloud\我的坚果云\LeetCode\LeetCode\189_Rotate_Array\Debug\cl.command.1.tlog
E:\MyCloud\我的坚果云\LeetCode\LeetCode\189_Rotate_Array\Debug\CL.read.1.tlog
E:\MyCloud\我的坚果云\LeetCode\LeetCode\189_Rotate_Array\Debug\CL.write.1.tlog
E:\MyCloud\我的坚果云\LeetCode\LeetCode\189_Rotate_Array\Debug\link-cvtres.read.1.tlog
E:\MyCloud\我的坚果云\LeetCode\LeetCode\189_Rotate_Array\Debug\link-cvtres.write.1.tlog
E:\MyCloud\我的坚果云\LeetCode\LeetCode\189_Rotate_Array\Debug\link-rc.read.1.tlog
E:\MyCloud\我的坚果云\LeetCode\LeetCode\189_Rotate_Array\Debug\link-rc.write.1.tlog
E:\MyCloud\我的坚果云\LeetCode\LeetCode\189_Rotate_Array\Debug\link.command.1.tlog
E:\MyCloud\我的坚果云\LeetCode\LeetCode\189_Rotate_Array\Debug\link.read.1.tlog
E:\MyCloud\我的坚果云\LeetCode\LeetCode\189_Rotate_Array\Debug\link.write.1.tlog
E:\MyCloud\我的坚果云\LeetCode\LeetCode\189_Rotate_Array\Debug\vc110.idb
E:\MyCloud\我的坚果云\LeetCode\LeetCode\189_Rotate_Array\Debug\vc110.pdb
E:\MyCloud\我的坚果云\LeetCode\LeetCode\Debug\189_Rotate_Array.pdb
E:\MyCloud\我的坚果云\LeetCode\LeetCode\Debug\189_Rotate_Array.exe
E:\MyCloud\我的坚果云\LeetCode\LeetCode\Debug\189_Rotate_Array.ilk
