E:\MYCLOUD\我的坚果云\LEETCODE\LEETCODE\190_REVERSEBITS\DEBUG\REVESEBITS.OBJ
E:\MYCLOUD\我的坚果云\LEETCODE\LEETCODE\190_REVERSEBITS\DEBUG\VC110.PDB
E:\MYCLOUD\我的坚果云\LEETCODE\LEETCODE\DEBUG\190_REVERSEBITS.ILK
E:\MYCLOUD\我的坚果云\LEETCODE\LEETCODE\DEBUG\190_REVERSEBITS.EXE
E:\MYCLOUD\我的坚果云\LEETCODE\LEETCODE\DEBUG\190_REVERSEBITS.PDB
E:\MyCloud\我的坚果云\LeetCode\LeetCode\190_ReverseBits\Debug\ReveseBits.obj
E:\MyCloud\我的坚果云\LeetCode\LeetCode\190_ReverseBits\Debug\cl.command.1.tlog
E:\MyCloud\我的坚果云\LeetCode\LeetCode\190_ReverseBits\Debug\CL.read.1.tlog
E:\MyCloud\我的坚果云\LeetCode\LeetCode\190_ReverseBits\Debug\CL.write.1.tlog
E:\MyCloud\我的坚果云\LeetCode\LeetCode\190_ReverseBits\Debug\link-cvtres.read.1.tlog
E:\MyCloud\我的坚果云\LeetCode\LeetCode\190_ReverseBits\Debug\link-cvtres.write.1.tlog
E:\MyCloud\我的坚果云\LeetCode\LeetCode\190_ReverseBits\Debug\link-rc.read.1.tlog
E:\MyCloud\我的坚果云\LeetCode\LeetCode\190_ReverseBits\Debug\link-rc.write.1.tlog
E:\MyCloud\我的坚果云\LeetCode\LeetCode\190_ReverseBits\Debug\link.command.1.tlog
E:\MyCloud\我的坚果云\LeetCode\LeetCode\190_ReverseBits\Debug\link.read.1.tlog
E:\MyCloud\我的坚果云\LeetCode\LeetCode\190_ReverseBits\Debug\link.write.1.tlog
E:\MyCloud\我的坚果云\LeetCode\LeetCode\190_ReverseBits\Debug\vc110.idb
E:\MyCloud\我的坚果云\LeetCode\LeetCode\190_ReverseBits\Debug\vc110.pdb
E:\MyCloud\我的坚果云\LeetCode\LeetCode\Debug\190_ReverseBits.pdb
E:\MyCloud\我的坚果云\LeetCode\LeetCode\Debug\190_ReverseBits.exe
E:\MyCloud\我的坚果云\LeetCode\LeetCode\Debug\190_ReverseBits.ilk
